
[1m[46m RUN [49m[22m [36mv4.0.16 [39m[90m/Users/sin-mac/nc-calc[39m

[90mstdout[2m | src/calculators/__tests__/r08_audit.test.ts[2m > [22m[2mR0.8 Audit Reproduction[2m > [22m[2mG-09: Taper 45deg Audit (Target -0.469)
[22m[39m[Debug] Corner Geometry: eZ=-10, xZ=-10, cX=49.999, cZ=-9.999585786437628
Taper startZ: [33m-11.131[39m

[90mstdout[2m | src/calculators/__tests__/r08_audit.test.ts[2m > [22m[2mR0.8 Audit Reproduction[2m > [22m[2mR0.8 Audit: Sumi-R10 (Target -449.118)
[22m[39m[Debug] Sumi-R Check: R=10, L1=7.5, L2=18.317999999999984, nextHas=false, prevHas=false
[Debug] Triggering P1 Slide (L1 insufficient)
[Debug] P1 Slide Calculated: tDist_in=7.5, tDist_out=9.682458365518542
[Debug] Corner Geometry: eZ=-458.318, xZ=-448.63554163448146, cX=52.5, cZ=-448.318
[Debug] Recalculated Center: cX=32.5, cZ=-448.63554163448146, nx=-1, nz=0, sign=1
R0.8 Audit Result: endX=81.8 endZ=-449.436

 [31mâ¯[39m src/calculators/__tests__/r08_audit.test.ts [2m([22m[2m2 tests[22m[2m | [22m[31m2 failed[39m[2m)[22m[32m 6[2mms[22m[39m
[31m     [31mÃ—[31m G-09: Taper 45deg Audit (Target -0.469)[39m[32m 4[2mms[22m[39m
[31m     [31mÃ—[31m R0.8 Audit: Sumi-R10 (Target -449.118)[39m[32m 1[2mms[22m[39m

[31mâ¯â¯â¯â¯â¯â¯â¯[39m[1m[41m Failed Tests 2 [49m[22m[31mâ¯â¯â¯â¯â¯â¯â¯[39m

[41m[1m FAIL [22m[49m src/calculators/__tests__/r08_audit.test.ts[2m > [22mR0.8 Audit Reproduction[2m > [22mG-09: Taper 45deg Audit (Target -0.469)
[31m[1mAssertionError[22m: expected -11.131 to be close to -0.469, received difference is 10.662, but expected 0.0005[39m
[36m [2mâ¯[22m src/calculators/__tests__/r08_audit.test.ts:[2m38:48[22m[39m
    [90m 36| [39m        console[33m.[39m[34mlog[39m([32m'Taper startZ:'[39m[33m,[39m taperLine[33m?.[39mcompensated[33m?.[39mstartZ)
    [90m 37| [39m
    [90m 38| [39m        [34mexpect[39m(taperLine[33m?.[39mcompensated[33m?.[39mstartZ)[33m.[39m[34mtoBeCloseTo[39m([33m-[39m[34m0.469[39m[33m,[39m [34m3[39m)
    [90m   | [39m                                               [31m^[39m
    [90m 39| [39m    })
    [90m 40| [39m

[31m[2mâ¯â¯â¯â¯â¯â¯â¯â¯â¯â¯â¯â¯â¯â¯â¯â¯â¯â¯â¯â¯â¯â¯â¯â¯[1/2]â¯[22m[39m

[41m[1m FAIL [22m[49m src/calculators/__tests__/r08_audit.test.ts[2m > [22mR0.8 Audit Reproduction[2m > [22mR0.8 Audit: Sumi-R10 (Target -449.118)
[31m[1mAssertionError[22m: expected -449.436 to be -449.118 // Object.is equality[39m

[32m- Expected[39m
[31m+ Received[39m

[32m- -449.118[39m
[31m+ -449.436[39m

[36m [2mâ¯[22m src/calculators/__tests__/r08_audit.test.ts:[2m62:43[22m[39m
    [90m 60| [39m        [90m// Shaft Z = -458.318 + 10 = -448.318[39m
    [90m 61| [39m        [90m// O_z = -448.318 - 0.8 = -449.118[39m
    [90m 62| [39m        [34mexpect[39m(r10Arc[33m?.[39mcompensated[33m?.[39mendZ)[33m.[39m[34mtoBe[39m([33m-[39m[34m449.118[39m)
    [90m   | [39m                                          [31m^[39m
    [90m 63| [39m    })
    [90m 64| [39m})

[31m[2mâ¯â¯â¯â¯â¯â¯â¯â¯â¯â¯â¯â¯â¯â¯â¯â¯â¯â¯â¯â¯â¯â¯â¯â¯[2/2]â¯[22m[39m


[2m Test Files [22m [1m[31m1 failed[39m[22m[90m (1)[39m
[2m      Tests [22m [1m[31m2 failed[39m[22m[90m (2)[39m
[2m   Start at [22m 21:03:43
[2m   Duration [22m 129ms[2m (transform 50ms, setup 0ms, import 59ms, tests 6ms, environment 0ms)[22m

